<?xml version="1.0" encoding="UTF-8"?>
<testng-results ignored="0" total="4" passed="4" failed="0" skipped="0">
  <reporter-output>
  </reporter-output>
  <suite started-at="2026-03-05T06:24:56 ART" name="CrossBrowserSuite" finished-at="2026-03-05T06:25:14 ART" duration-ms="17958">
    <groups>
      <group name="cucumber">
        <method signature="AbstractTestNGCucumberTests.runScenario(io.cucumber.testng.PickleWrapper,io.cucumber.testng.FeatureWrapper)[pri:0, instance:runner.YoutubeRunner@24313fcc]" name="runScenario" class="io.cucumber.testng.AbstractTestNGCucumberTests"/>
        <method signature="AbstractTestNGCucumberTests.runScenario(io.cucumber.testng.PickleWrapper,io.cucumber.testng.FeatureWrapper)[pri:0, instance:runner.YoutubeRunner@291b4bf5]" name="runScenario" class="io.cucumber.testng.AbstractTestNGCucumberTests"/>
      </group> <!-- cucumber -->
    </groups>
    <test started-at="2026-03-05T06:24:56 ART" name="Pruebas en Chrome" finished-at="2026-03-05T06:25:11 ART" duration-ms="15183">
      <class name="runner.YoutubeRunner">
        <test-method is-config="true" signature="setUpClass(org.testng.ITestContext)[pri:0, instance:runner.YoutubeRunner@24313fcc]" started-at="2026-03-05T06:24:56 ART" name="setUpClass" finished-at="2026-03-05T06:24:57 ART" duration-ms="814" status="PASS">
          <params>
            <param index="0">
              <value>
                <![CDATA[org.testng.TestRunner@1ba9117e]]>
              </value>
            </param>
          </params>
          <reporter-output>
          </reporter-output>
        </test-method> <!-- setUpClass -->
        <test-method signature="runScenario(io.cucumber.testng.PickleWrapper,io.cucumber.testng.FeatureWrapper)[pri:0, instance:runner.YoutubeRunner@24313fcc]" started-at="2026-03-05T06:24:57 ART" name="runScenario" description="Runs Cucumber Scenarios" data-provider="scenarios" finished-at="2026-03-05T06:25:10 ART" duration-ms="13905" status="PASS">
          <params>
            <param index="0">
              <value>
                <![CDATA["buscar una tematica usando enter"]]>
              </value>
            </param>
            <param index="1">
              <value>
                <![CDATA["Buscar en youtube"]]>
              </value>
            </param>
          </params>
          <reporter-output>
          </reporter-output>
        </test-method> <!-- runScenario -->
        <test-method signature="runScenario(io.cucumber.testng.PickleWrapper,io.cucumber.testng.FeatureWrapper)[pri:0, instance:runner.YoutubeRunner@24313fcc]" started-at="2026-03-05T06:24:57 ART" name="runScenario" description="Runs Cucumber Scenarios" data-provider="scenarios" finished-at="2026-03-05T06:25:11 ART" duration-ms="14196" status="PASS">
          <params>
            <param index="0">
              <value>
                <![CDATA["buscar una tematica usando click"]]>
              </value>
            </param>
            <param index="1">
              <value>
                <![CDATA["Buscar en youtube"]]>
              </value>
            </param>
          </params>
          <reporter-output>
          </reporter-output>
        </test-method> <!-- runScenario -->
        <test-method is-config="true" signature="tearDownClass()[pri:0, instance:runner.YoutubeRunner@24313fcc]" started-at="2026-03-05T06:25:11 ART" name="tearDownClass" finished-at="2026-03-05T06:25:11 ART" duration-ms="106" status="PASS">
          <reporter-output>
          </reporter-output>
        </test-method> <!-- tearDownClass -->
      </class> <!-- runner.YoutubeRunner -->
    </test> <!-- Pruebas en Chrome -->
    <test started-at="2026-03-05T06:24:56 ART" name="Pruebas en Firefox" finished-at="2026-03-05T06:25:14 ART" duration-ms="17958">
      <class name="runner.YoutubeRunner">
        <test-method is-config="true" signature="setUpClass(org.testng.ITestContext)[pri:0, instance:runner.YoutubeRunner@291b4bf5]" started-at="2026-03-05T06:24:56 ART" name="setUpClass" finished-at="2026-03-05T06:24:57 ART" duration-ms="814" status="PASS">
          <params>
            <param index="0">
              <value>
                <![CDATA[org.testng.TestRunner@732c2a62]]>
              </value>
            </param>
          </params>
          <reporter-output>
          </reporter-output>
        </test-method> <!-- setUpClass -->
        <test-method signature="runScenario(io.cucumber.testng.PickleWrapper,io.cucumber.testng.FeatureWrapper)[pri:0, instance:runner.YoutubeRunner@291b4bf5]" started-at="2026-03-05T06:24:57 ART" name="runScenario" description="Runs Cucumber Scenarios" data-provider="scenarios" finished-at="2026-03-05T06:25:11 ART" duration-ms="14642" status="PASS">
          <params>
            <param index="0">
              <value>
                <![CDATA["buscar una tematica usando enter"]]>
              </value>
            </param>
            <param index="1">
              <value>
                <![CDATA["Buscar en youtube"]]>
              </value>
            </param>
          </params>
          <reporter-output>
          </reporter-output>
        </test-method> <!-- runScenario -->
        <test-method signature="runScenario(io.cucumber.testng.PickleWrapper,io.cucumber.testng.FeatureWrapper)[pri:0, instance:runner.YoutubeRunner@291b4bf5]" started-at="2026-03-05T06:24:57 ART" name="runScenario" description="Runs Cucumber Scenarios" data-provider="scenarios" finished-at="2026-03-05T06:25:14 ART" duration-ms="17056" status="PASS">
          <params>
            <param index="0">
              <value>
                <![CDATA["buscar una tematica usando click"]]>
              </value>
            </param>
            <param index="1">
              <value>
                <![CDATA["Buscar en youtube"]]>
              </value>
            </param>
          </params>
          <reporter-output>
          </reporter-output>
        </test-method> <!-- runScenario -->
        <test-method is-config="true" signature="tearDownClass()[pri:0, instance:runner.YoutubeRunner@291b4bf5]" started-at="2026-03-05T06:25:14 ART" name="tearDownClass" finished-at="2026-03-05T06:25:14 ART" duration-ms="18" status="PASS">
          <reporter-output>
          </reporter-output>
        </test-method> <!-- tearDownClass -->
      </class> <!-- runner.YoutubeRunner -->
    </test> <!-- Pruebas en Firefox -->
  </suite> <!-- CrossBrowserSuite -->
</testng-results>
