<?xml version="1.0" encoding="UTF-8"?>
<!-- Generated by org.testng.reporters.JUnitReportReporter -->
<testsuite hostname="win11prov" failures="0" tests="4" name="runner.YoutubeRunner" time="63.138" errors="0" timestamp="2026-03-05T05:18:40 ART" skipped="0">
  <testcase classname="runner.YoutubeRunner" name="runScenario" time="15.689"/>
  <testcase classname="runner.YoutubeRunner" name="runScenario" time="15.608"/>
  <testcase classname="runner.YoutubeRunner" name="runScenario" time="15.841"/>
  <testcase classname="runner.YoutubeRunner" name="runScenario" time="16.000"/>
</testsuite> <!-- runner.YoutubeRunner -->
