<?xml version="1.0" encoding="UTF-8"?>
<!-- Generated by org.testng.reporters.JUnitReportReporter -->
<testsuite hostname="win11prov" failures="0" tests="4" name="runner.YoutubeRunner" time="59.799" errors="0" timestamp="2026-03-05T06:25:14 ART" skipped="0">
  <testcase classname="runner.YoutubeRunner" name="runScenario" time="13.905"/>
  <testcase classname="runner.YoutubeRunner" name="runScenario" time="14.642"/>
  <testcase classname="runner.YoutubeRunner" name="runScenario" time="14.196"/>
  <testcase classname="runner.YoutubeRunner" name="runScenario" time="17.056"/>
</testsuite> <!-- runner.YoutubeRunner -->
