<?xml version="1.0" encoding="UTF-8"?>
<!-- Generated by org.testng.reporters.JUnitXMLReporter -->
<testsuite ignored="0" hostname="win11prov" failures="0" tests="2" name="Pruebas en Chrome" time="15.183" errors="0" timestamp="2026-03-05T06:25:11 ART">
  <testcase classname="io.cucumber.testng.AbstractTestNGCucumberTests" name="runScenario" time="13.905"/>
  <testcase classname="io.cucumber.testng.AbstractTestNGCucumberTests" name="runScenario" time="14.196"/>
</testsuite> <!-- Pruebas en Chrome -->
