<?xml version="1.0" encoding="UTF-8"?>
<!-- Generated by org.testng.reporters.JUnitXMLReporter -->
<testsuite ignored="0" hostname="win11prov" failures="0" tests="2" name="Pruebas en Firefox" time="17.958" errors="0" timestamp="2026-03-05T06:25:14 ART">
  <testcase classname="io.cucumber.testng.AbstractTestNGCucumberTests" name="runScenario" time="14.642"/>
  <testcase classname="io.cucumber.testng.AbstractTestNGCucumberTests" name="runScenario" time="17.056"/>
</testsuite> <!-- Pruebas en Firefox -->
