<?xml version="1.0" encoding="UTF-8"?>
<!-- Generated by org.testng.reporters.JUnitXMLReporter -->
<testsuite ignored="0" hostname="win11prov" failures="0" tests="2" name="Pruebas en Chrome" time="17.105" errors="0" timestamp="2026-03-05T05:18:40 ART">
  <testcase classname="io.cucumber.testng.AbstractTestNGCucumberTests" name="runScenario" time="15.841"/>
  <testcase classname="io.cucumber.testng.AbstractTestNGCucumberTests" name="runScenario" time="16.0"/>
</testsuite> <!-- Pruebas en Chrome -->
