<?xml version="1.0" encoding="UTF-8"?>
<!-- Generated by org.testng.reporters.JUnitXMLReporter -->
<testsuite ignored="0" hostname="win11prov" failures="0" tests="2" name="Pruebas en Firefox" time="13.778" errors="0" timestamp="2026-03-04T17:45:51 ART">
  <testcase classname="io.cucumber.testng.AbstractTestNGCucumberTests" name="runScenario" time="13.055"/>
  <testcase classname="io.cucumber.testng.AbstractTestNGCucumberTests" name="runScenario" time="13.055"/>
</testsuite> <!-- Pruebas en Firefox -->
